0 info it worked if it ends with ok
1 verbose cli [ '/usr/local/bin/node', '/usr/local/bin/npm', 'run', 'build-js' ]
2 info using npm@1.4.14
3 info using node@v0.10.29
4 verbose run-script [ 'prebuild-js', 'build-js', 'postbuild-js' ]
5 info prebuild-js rob@0.0.1
6 info build-js rob@0.0.1
7 verbose unsafe-perm in lifecycle true
8 info rob@0.0.1 Failed to exec build-js script
9 error rob@0.0.1 build-js: `browserify -t jadeify ./components/*.js -o ./public/javascripts/bundle.js -dv`
9 error Exit status 8
10 error Failed at the rob@0.0.1 build-js script.
10 error This is most likely a problem with the rob package,
10 error not with npm itself.
10 error Tell the author that this fails on your system:
10 error     browserify -t jadeify ./components/*.js -o ./public/javascripts/bundle.js -dv
10 error You can get their info via:
10 error     npm owner ls rob
10 error There is likely additional logging output above.
11 error System Darwin 13.3.0
12 error command "/usr/local/bin/node" "/usr/local/bin/npm" "run" "build-js"
13 error cwd /Users/thomas/Sites/nodejs/rob
14 error node -v v0.10.29
15 error npm -v 1.4.14
16 error code ELIFECYCLE
17 verbose exit [ 1, true ]
